<?xml version="1.0" encoding="UTF-8" ?>
<testsuite errors="1" failures="0" hostname="tharindu-desktop" name="ase.battleship.api.ApiTest" tests="1" time="0.139" timestamp="2009-07-22T03:02:26">
  <properties>
    <property name="default.javac.source" value="1.6" />
    <property name="file.encoding.pkg" value="sun.io" />
    <property name="user.zoneinfo.dir" value="/usr/share/javazi" />
    <property name="javac.source" value="1.5" />
    <property name="netbeans.system_http_proxy" value="DIRECT" />
    <property name="java.home" value="/usr/lib/jvm/java-6-openjdk/jre" />
    <property name="test.src.dir" value="test" />
    <property name="javadoc.version" value="false" />
    <property name="libs.CopyLibs.classpath" value="/usr/share/netbeans/6.5/java2/ant/extra/org-netbeans-modules-java-j2seproject-copylibstask.jar" />
    <property name="libs.javac-api.src" value="" />
    <property name="java.endorsed.dirs" value="/usr/lib/jvm/java-6-openjdk/jre/lib/endorsed" />
    <property name="libs.junit.maven-pom" value="" />
    <property name="src.dir" value="src" />
    <property name="sun.java2d.noddraw" value="true" />
    <property name="nbplatform.default.harness.dir" value="/usr/share/netbeans/6.5/harness" />
    <property name="debug-args-line" value="-Xdebug" />
    <property name="build.sysclasspath" value="ignore" />
    <property name="have.sources" value="true" />
    <property name="includes" value="**" />
    <property name="source.encoding" value="UTF-8" />
    <property name="libs.swing-app-framework.javadoc" value="" />
    <property name="sun.os.patch.level" value="unknown" />
    <property name="java.vendor.url" value="http://java.sun.com/" />
    <property name="java.version" value="1.6.0_0" />
    <property name="nb.show.statistics.ui" value="usageStatisticsEnabled" />
    <property name="javac.debug" value="true" />
    <property name="org.openide.major.version" value="IDE/1" />
    <property name="run.classpath" value="../../.m2/repository/commons-lang/commons-lang/2.4/commons-lang-2.4.jar:build/classes" />
    <property name="java.vendor.url.bug" value="http://java.sun.com/cgi-bin/bugreport.cgi" />
    <property name="libs.absolutelayout.javadoc" value="" />
    <property name="libs.junit_4.maven-pom" value="" />
    <property name="netbeans.buildnumber" value="090407" />
    <property name="jna.platform.library.path" value="/usr/lib:/lib" />
    <property name="manifest.file" value="manifest.mf" />
    <property name="libs.swing-app-framework.maven-pom" value="" />
    <property name="user.name" value="tharindu" />
    <property name="ant.file.Battleship-impl" value="/home/tharindu/NetBeansProjects/Battleship/nbproject/build-impl.xml" />
    <property name="sun.io.unicode.encoding" value="UnicodeLittle" />
    <property name="sun.jnu.encoding" value="UTF-8" />
    <property name="java.runtime.name" value="OpenJDK Runtime Environment" />
    <property name="application.vendor" value="tharindu" />
    <property name="jdk.home" value="/usr/lib/jvm/java-6-openjdk" />
    <property name="org.openide.TopManager" value="org.netbeans.core.NonGui" />
    <property name="netbeans.dirs" value="/usr/share/netbeans/6.5/nb6.5:/usr/share/netbeans/6.5/ide10:/usr/share/netbeans/6.5/java2:/usr/share/netbeans/6.5/apisupport1:/usr/share/netbeans/6.5/harness:" />
    <property name="java.specification.name" value="Java Platform API Specification" />
    <property name="javadoc.author" value="false" />
    <property name="user.timezone" value="" />
    <property name="netbeans.system_http_non_proxy_hosts" value="" />
    <property name="manifest.available" value="true" />
    <property name="libs.swing-layout.maven-pom" value="" />
    <property name="libs.junit.javadoc" value="" />
    <property name="org.openide.specification.version" value="6.2" />
    <property name="path.separator" value=":" />
    <property name="version-output" value="java version &quot;1.6" />
    <property name="libs.absolutelayout.classpath" value="/usr/share/netbeans/6.5/java2/modules/ext/AbsoluteLayout.jar" />
    <property name="file.encoding" value="UTF-8" />
    <property name="dist.javadoc.dir" value="dist/javadoc" />
    <property name="https.nonProxyHosts" value="localhost|127.0.0.1|tharindu-desktop" />
    <property name="libs.junit.src" value="" />
    <property name="ant.file" value="/home/tharindu/NetBeansProjects/Battleship/build.xml" />
    <property name="subversion.native.library" value="/usr/lib/jni/libsvnjavahl-1.so" />
    <property name="libs.junit_4.src" value="" />
    <property name="do.jar" value="true" />
    <property name="java.io.tmpdir" value="/tmp" />
    <property name="build.test.results.dir" value="build/test/results" />
    <property name="user.language" value="en" />
    <property name="line.separator" value="
" />
    <property name="apple.laf.useScreenMenuBar" value="true" />
    <property name="libs.absolutelayout.src" value="" />
    <property name="javac.compilerargs" value="" />
    <property name="jar.compress" value="false" />
    <property name="debug-transport-by-os" value="dt_socket" />
    <property name="libs.JWSAntTasks.src" value="" />
    <property name="javac.compilerargs.jaxws" value="" />
    <property name="java.vm.info" value="mixed mode, sharing" />
    <property name="libs.javac-api.maven-pom" value="" />
    <property name="javadoc.private" value="false" />
    <property name="sun.desktop" value="gnome" />
    <property name="java.vm.specification.name" value="Java Virtual Machine Specification" />
    <property name="build.test.classes.dir" value="build/test/classes" />
    <property name="netbeans.dynamic.classpath" value="/usr/share/netbeans/6.5/platform9/core/core.jar:/usr/share/netbeans/6.5/platform9/core/org-openide-filesystems.jar:/usr/share/netbeans/6.5/nb6.5/core/org-netbeans-upgrader.jar:/usr/share/netbeans/6.5/nb6.5/core/locale/core_nb.jar" />
    <property name="ant.file.Battleship" value="/home/tharindu/NetBeansProjects/Battleship/build.xml" />
    <property name="libs.beans-binding.javadoc" value="" />
    <property name="platform.active" value="default_platform" />
    <property name="http.nonProxyHosts" value="localhost|127.0.0.1|tharindu-desktop" />
    <property name="libs.junit_4.javadoc" value="" />
    <property name="libs.beans-binding.maven-pom" value="" />
    <property name="javadoc.encoding" value="UTF-8" />
    <property name="java.awt.printerjob" value="sun.print.PSPrinterJob" />
    <property name="dist.jar" value="dist/Battleship.jar" />
    <property name="meta.inf.dir" value="src/META-INF" />
    <property name="ant.version" value="Apache Ant version 1.7.1 compiled on November 10 2008" />
    <property name="netbeans.home" value="/usr/share/netbeans/6.5/platform9" />
    <property name="javadoc.nonavbar" value="false" />
    <property name="user.properties.file" value="/home/tharindu/.netbeans/6.5/build.properties" />
    <property name="libs.JWSAntTasks.classpath" value="/usr/share/netbeans/6.5/java2/ant/extra/org-netbeans-modules-javawebstart-anttasks.jar" />
    <property name="netbeans.importclass" value="org.netbeans.upgrade.AutoUpgrade" />
    <property name="libs.CopyLibs.maven-pom" value="" />
    <property name="useJavaUtilZip" value="true" />
    <property name="build.generated.dir" value="build/generated" />
    <property name="netbeans.home+have.tests" value="true" />
    <property name="os.name" value="Linux" />
    <property name="java.specification.vendor" value="Sun Microsystems Inc." />
    <property name="run.test.classpath" value="../../.m2/repository/commons-lang/commons-lang/2.4/commons-lang-2.4.jar:build/classes:/usr/share/netbeans/6.5/java2/modules/ext/junit-3.8.2.jar:/usr/share/netbeans/6.5/platform9/modules/ext/junit-4.5.jar:build/test/classes:../../.m2/repository/commons-lang/commons-lang/2.4/commons-lang-2.4.jar" />
    <property name="java.vm.name" value="OpenJDK Client VM" />
    <property name="libs.CopyLibs.src" value="" />
    <property name="org.openide.version" value="deprecated" />
    <property name="libs.junit.classpath" value="/usr/share/netbeans/6.5/java2/modules/ext/junit-3.8.2.jar" />
    <property name="libs.beans-binding.src" value="" />
    <property name="java.library.path" value="/usr/lib/jvm/java-6-openjdk/jre/lib/i386/client:/usr/lib/jvm/java-6-openjdk/jre/lib/i386:/usr/lib/jvm/java-6-openjdk/jre/../lib/i386:/usr/java/packages/lib/i386:/lib:/usr/lib" />
    <property name="ant.java.version" value="1.6" />
    <property name="basedir" value="/home/tharindu/NetBeansProjects/Battleship" />
    <property name="javadoc.noindex" value="false" />
    <property name="java.class.version" value="50.0" />
    <property name="sun.awt.exception.handler" value="org.netbeans.core.startup.TopLogging$AWTHandler" />
    <property name="javac.test.classpath" value="../../.m2/repository/commons-lang/commons-lang/2.4/commons-lang-2.4.jar:build/classes:/usr/share/netbeans/6.5/java2/modules/ext/junit-3.8.2.jar:/usr/share/netbeans/6.5/platform9/modules/ext/junit-4.5.jar" />
    <property name="ant.home" value="/usr/share/netbeans/6.5/java2/ant" />
    <property name="javadoc.splitindex" value="true" />
    <property name="libs.javac-api.javadoc" value="" />
    <property name="javadoc.preview" value="true" />
    <property name="libs.CopyLibs.javadoc" value="" />
    <property name="libs.junit_4.classpath" value="/usr/share/netbeans/6.5/platform9/modules/ext/junit-4.5.jar" />
    <property name="sun.boot.library.path" value="/usr/lib/jvm/java-6-openjdk/jre/lib/i386" />
    <property name="build.dir" value="build" />
    <property name="application.title" value="Battleship" />
    <property name="libs.swing-app-framework.classpath" value="/usr/share/netbeans/6.5/java2/modules/ext/appframework-1.0.3.jar:/usr/share/netbeans/6.5/java2/modules/ext/swing-worker-1.1.jar" />
    <property name="sun.management.compiler" value="HotSpot Client Compiler" />
    <property name="java.awt.graphicsenv" value="sun.awt.X11GraphicsEnvironment" />
    <property name="javadoc.encoding.used" value="UTF-8" />
    <property name="javadoc.windowtitle" value="" />
    <property name="run.jvmargs" value="" />
    <property name="build.compiler.emacs" value="true" />
    <property name="ant.project.name" value="Battleship" />
    <property name="libs.swing-layout.classpath" value="/usr/share/netbeans/6.5/platform9/modules/ext/swing-layout-1.0.3.jar" />
    <property name="java.vm.specification.version" value="1.0" />
    <property name="work.dir" value="/home/tharindu/NetBeansProjects/Battleship" />
    <property name="javadoc.use" value="true" />
    <property name="file.reference.commons-lang-2.4.jar" value="../../.m2/repository/commons-lang/commons-lang/2.4/commons-lang-2.4.jar" />
    <property name="sun.cpu.isalist" value="" />
    <property name="java.ext.dirs" value="/usr/lib/jvm/java-6-openjdk/jre/lib/ext:/usr/java/packages/lib/ext" />
    <property name="os.version" value="2.6.28-11-generic" />
    <property name="excludes" value="" />
    <property name="user.home" value="/home/tharindu" />
    <property name="org.xml.sax.driver" value="com.sun.org.apache.xerces.internal.jaxp.SAXParserImpl$JAXPSAXParser" />
    <property name="java.vm.vendor" value="Sun Microsystems Inc." />
    <property name="libs.absolutelayout.maven-pom" value="" />
    <property name="org.openide.TopManager.GUI" value="true" />
    <property name="user.dir" value="/home/tharindu/NetBeansProjects/Battleship" />
    <property name="debug-transport" value="dt_socket" />
    <property name="application.args" value="" />
    <property name="sun.cpu.endian" value="little" />
    <property name="compile.on.save" value="false" />
    <property name="java.vm.version" value="14.0-b08" />
    <property name="java.class.path" value="/home/tharindu/.m2/repository/commons-lang/commons-lang/2.4/commons-lang-2.4.jar:/home/tharindu/NetBeansProjects/Battleship/build/classes:/usr/share/netbeans/6.5/java2/modules/ext/junit-3.8.2.jar:/usr/share/netbeans/6.5/platform9/modules/ext/junit-4.5.jar:/home/tharindu/NetBeansProjects/Battleship/build/test/classes:/usr/share/netbeans/6.5/java2/ant/lib/junit.jar:/usr/share/netbeans/6.5/java2/ant/lib/ant-launcher.jar:/usr/share/netbeans/6.5/java2/ant/lib/ant.jar:/usr/share/netbeans/6.5/java2/ant/lib/ant-junit.jar" />
    <property name="os.arch" value="i386" />
    <property name="javac.deprecation" value="false" />
    <property name="nbplatform.default.netbeans.dest.dir" value="/usr/share/netbeans/6.5" />
    <property name="build.classes.excludes" value="**/*.java,**/*.form" />
    <property name="dist.dir" value="dist" />
    <property name="netbeans.user" value="/home/tharindu/.netbeans/6.5" />
    <property name="debug.classpath" value="../../.m2/repository/commons-lang/commons-lang/2.4/commons-lang-2.4.jar:build/classes" />
    <property name="sun.java.launcher" value="SUN_STANDARD" />
    <property name="ant.core.lib" value="/usr/share/netbeans/6.5/java2/ant/lib/ant.jar" />
    <property name="java.vm.specification.vendor" value="Sun Microsystems Inc." />
    <property name="do.depend" value="false" />
    <property name="file.separator" value="/" />
    <property name="java.runtime.version" value="1.6.0_0-b14" />
    <property name="debug.test.classpath" value="../../.m2/repository/commons-lang/commons-lang/2.4/commons-lang-2.4.jar:build/classes:/usr/share/netbeans/6.5/java2/modules/ext/junit-3.8.2.jar:/usr/share/netbeans/6.5/platform9/modules/ext/junit-4.5.jar:build/test/classes:../../.m2/repository/commons-lang/commons-lang/2.4/commons-lang-2.4.jar" />
    <property name="sun.boot.class.path" value="/usr/lib/jvm/java-6-openjdk/jre/lib/resources.jar:/usr/lib/jvm/java-6-openjdk/jre/lib/rt.jar:/usr/lib/jvm/java-6-openjdk/jre/lib/sunrsasign.jar:/usr/lib/jvm/java-6-openjdk/jre/lib/jsse.jar:/usr/lib/jvm/java-6-openjdk/jre/lib/jce.jar:/usr/lib/jvm/java-6-openjdk/jre/lib/charsets.jar:/usr/lib/jvm/java-6-openjdk/jre/lib/rhino.jar:/usr/lib/jvm/java-6-openjdk/jre/classes" />
    <property name="javax.accessibility.assistive_technologies" value="org.GNOME.Accessibility.JavaBridge" />
    <property name="libs.beans-binding.classpath" value="/usr/share/netbeans/6.5/java2/modules/ext/beansbinding-1.2.1.jar" />
    <property name="have.tests" value="true" />
    <property name="main.class" value="" />
    <property name="libs.JWSAntTasks.maven-pom" value="" />
    <property name="java.util.logging.config.class" value="org.netbeans.core.startup.TopLogging" />
    <property name="libs.javac-api.classpath" value="/usr/share/netbeans/6.5/java2/modules/ext/javac-api-nb-7.0-b07.jar" />
    <property name="user.country" value="US" />
    <property name="javadoc.notree" value="false" />
    <property name="javadoc.additionalparam" value="" />
    <property name="default.javac.target" value="1.6" />
    <property name="javac.classpath" value="../../.m2/repository/commons-lang/commons-lang/2.4/commons-lang-2.4.jar" />
    <property name="build.classes.dir" value="build/classes" />
    <property name="libs.swing-layout.javadoc" value="" />
    <property name="libs.swing-layout.src" value="" />
    <property name="javac.target" value="1.5" />
    <property name="java.vendor" value="Sun Microsystems Inc." />
    <property name="libs.swing-app-framework.src" value="" />
    <property name="java.specification.version" value="1.6" />
    <property name="libs.JWSAntTasks.javadoc" value="" />
    <property name="sun.arch.data.model" value="32" />
  </properties>
  <testcase classname="junit.framework.JUnit4TestCaseFacade" name="ase.battleship.api.ApiTest" time="0.01">
    <error message="No runnable methods" type="java.lang.Exception">java.lang.Exception: No runnable methods
</error>
  </testcase>
  <system-out><![CDATA[]]></system-out>
  <system-err><![CDATA[]]></system-err>
</testsuite>
